12-Oct-2023 05:28:32.365 INFO [main] org.apache.catalina.startup.VersionLoggerListener.log Server version:        Apache Tomcat/8.0.53
12-Oct-2023 05:28:32.366 INFO [main] org.apache.catalina.startup.VersionLoggerListener.log Server built:          Jun 29 2018 14:42:45 UTC
12-Oct-2023 05:28:32.366 INFO [main] org.apache.catalina.startup.VersionLoggerListener.log Server number:         8.0.53.0
12-Oct-2023 05:28:32.366 INFO [main] org.apache.catalina.startup.VersionLoggerListener.log OS Name:               Linux
12-Oct-2023 05:28:32.366 INFO [main] org.apache.catalina.startup.VersionLoggerListener.log OS Version:            6.1.0-13-amd64
12-Oct-2023 05:28:32.367 INFO [main] org.apache.catalina.startup.VersionLoggerListener.log Architecture:          amd64
12-Oct-2023 05:28:32.367 INFO [main] org.apache.catalina.startup.VersionLoggerListener.log Java Home:             /usr/lib/jvm/java-7-openjdk-amd64/jre
12-Oct-2023 05:28:32.367 INFO [main] org.apache.catalina.startup.VersionLoggerListener.log JVM Version:           1.7.0_181-b01
12-Oct-2023 05:28:32.367 INFO [main] org.apache.catalina.startup.VersionLoggerListener.log JVM Vendor:            Oracle Corporation
12-Oct-2023 05:28:32.368 INFO [main] org.apache.catalina.startup.VersionLoggerListener.log CATALINA_BASE:         /usr/local/tomcat
12-Oct-2023 05:28:32.368 INFO [main] org.apache.catalina.startup.VersionLoggerListener.log CATALINA_HOME:         /usr/local/tomcat
12-Oct-2023 05:28:32.368 INFO [main] org.apache.catalina.startup.VersionLoggerListener.log Command line argument: -Djava.util.logging.config.file=/usr/local/tomcat/conf/logging.properties
12-Oct-2023 05:28:32.368 INFO [main] org.apache.catalina.startup.VersionLoggerListener.log Command line argument: -Djava.util.logging.manager=org.apache.juli.ClassLoaderLogManager
12-Oct-2023 05:28:32.368 INFO [main] org.apache.catalina.startup.VersionLoggerListener.log Command line argument: -Djdk.tls.ephemeralDHKeySize=2048
12-Oct-2023 05:28:32.368 INFO [main] org.apache.catalina.startup.VersionLoggerListener.log Command line argument: -Djava.protocol.handler.pkgs=org.apache.catalina.webresources
12-Oct-2023 05:28:32.368 INFO [main] org.apache.catalina.startup.VersionLoggerListener.log Command line argument: -Dignore.endorsed.dirs=
12-Oct-2023 05:28:32.369 INFO [main] org.apache.catalina.startup.VersionLoggerListener.log Command line argument: -Dcatalina.base=/usr/local/tomcat
12-Oct-2023 05:28:32.369 INFO [main] org.apache.catalina.startup.VersionLoggerListener.log Command line argument: -Dcatalina.home=/usr/local/tomcat
12-Oct-2023 05:28:32.369 INFO [main] org.apache.catalina.startup.VersionLoggerListener.log Command line argument: -Djava.io.tmpdir=/usr/local/tomcat/temp
12-Oct-2023 05:28:32.369 INFO [main] org.apache.catalina.core.AprLifecycleListener.lifecycleEvent Loaded APR based Apache Tomcat Native library 1.2.17 using APR version 1.5.1.
12-Oct-2023 05:28:32.369 INFO [main] org.apache.catalina.core.AprLifecycleListener.lifecycleEvent APR capabilities: IPv6 [true], sendfile [true], accept filters [false], random [true].
12-Oct-2023 05:28:32.371 INFO [main] org.apache.catalina.core.AprLifecycleListener.initializeSSL OpenSSL successfully initialized (OpenSSL 1.1.0f  25 May 2017)
12-Oct-2023 05:28:32.441 INFO [main] org.apache.coyote.AbstractProtocol.init Initializing ProtocolHandler ["http-apr-8080"]
12-Oct-2023 05:28:32.449 INFO [main] org.apache.coyote.AbstractProtocol.init Initializing ProtocolHandler ["ajp-apr-8009"]
12-Oct-2023 05:28:32.450 INFO [main] org.apache.catalina.startup.Catalina.load Initialization processed in 382 ms
12-Oct-2023 05:28:32.467 INFO [main] org.apache.catalina.core.StandardService.startInternal Starting service Catalina
12-Oct-2023 05:28:32.467 INFO [main] org.apache.catalina.core.StandardEngine.startInternal Starting Servlet Engine: Apache Tomcat/8.0.53
12-Oct-2023 05:28:32.474 INFO [localhost-startStop-1] org.apache.catalina.startup.HostConfig.deployDirectory Deploying web application directory /usr/local/tomcat/webapps/docs
12-Oct-2023 05:28:32.744 INFO [localhost-startStop-1] org.apache.catalina.startup.HostConfig.deployDirectory Deployment of web application directory /usr/local/tomcat/webapps/docs has finished in 271 ms
12-Oct-2023 05:28:32.744 INFO [localhost-startStop-1] org.apache.catalina.startup.HostConfig.deployDirectory Deploying web application directory /usr/local/tomcat/webapps/manager
12-Oct-2023 05:28:32.768 INFO [localhost-startStop-1] org.apache.catalina.startup.HostConfig.deployDirectory Deployment of web application directory /usr/local/tomcat/webapps/manager has finished in 24 ms
12-Oct-2023 05:28:32.769 INFO [localhost-startStop-1] org.apache.catalina.startup.HostConfig.deployDirectory Deploying web application directory /usr/local/tomcat/webapps/ROOT
12-Oct-2023 05:28:32.782 INFO [localhost-startStop-1] org.apache.catalina.startup.HostConfig.deployDirectory Deployment of web application directory /usr/local/tomcat/webapps/ROOT has finished in 13 ms
12-Oct-2023 05:28:32.782 INFO [localhost-startStop-1] org.apache.catalina.startup.HostConfig.deployDirectory Deploying web application directory /usr/local/tomcat/webapps/examples
12-Oct-2023 05:28:32.984 INFO [localhost-startStop-1] org.apache.catalina.startup.HostConfig.deployDirectory Deployment of web application directory /usr/local/tomcat/webapps/examples has finished in 202 ms
12-Oct-2023 05:28:32.984 INFO [localhost-startStop-1] org.apache.catalina.startup.HostConfig.deployDirectory Deploying web application directory /usr/local/tomcat/webapps/host-manager
12-Oct-2023 05:28:33.000 INFO [localhost-startStop-1] org.apache.catalina.startup.HostConfig.deployDirectory Deployment of web application directory /usr/local/tomcat/webapps/host-manager has finished in 16 ms
12-Oct-2023 05:28:33.005 INFO [main] org.apache.coyote.AbstractProtocol.start Starting ProtocolHandler ["http-apr-8080"]
12-Oct-2023 05:28:33.017 INFO [main] org.apache.coyote.AbstractProtocol.start Starting ProtocolHandler ["ajp-apr-8009"]
12-Oct-2023 05:28:33.027 INFO [main] org.apache.catalina.startup.Catalina.start Server startup in 576 ms
12-Oct-2023 06:24:35.749 INFO [Thread-3] org.apache.coyote.AbstractProtocol.pause Pausing ProtocolHandler ["http-apr-8080"]
12-Oct-2023 06:24:35.803 INFO [Thread-3] org.apache.coyote.AbstractProtocol.pause Pausing ProtocolHandler ["ajp-apr-8009"]
12-Oct-2023 06:24:35.804 INFO [Thread-3] org.apache.catalina.core.StandardService.stopInternal Stopping service Catalina
12-Oct-2023 06:24:35.833 INFO [Thread-3] org.apache.coyote.AbstractProtocol.stop Stopping ProtocolHandler ["http-apr-8080"]
12-Oct-2023 06:24:35.886 INFO [Thread-3] org.apache.coyote.AbstractProtocol.stop Stopping ProtocolHandler ["ajp-apr-8009"]
12-Oct-2023 06:24:35.940 INFO [Thread-3] org.apache.coyote.AbstractProtocol.destroy Destroying ProtocolHandler ["http-apr-8080"]
12-Oct-2023 06:24:35.940 INFO [Thread-3] org.apache.coyote.AbstractProtocol.destroy Destroying ProtocolHandler ["ajp-apr-8009"]
12-Oct-2023 06:24:50.360 INFO [main] org.apache.catalina.startup.VersionLoggerListener.log Server version:        Apache Tomcat/8.0.53
12-Oct-2023 06:24:50.362 INFO [main] org.apache.catalina.startup.VersionLoggerListener.log Server built:          Jun 29 2018 14:42:45 UTC
12-Oct-2023 06:24:50.362 INFO [main] org.apache.catalina.startup.VersionLoggerListener.log Server number:         8.0.53.0
12-Oct-2023 06:24:50.362 INFO [main] org.apache.catalina.startup.VersionLoggerListener.log OS Name:               Linux
12-Oct-2023 06:24:50.362 INFO [main] org.apache.catalina.startup.VersionLoggerListener.log OS Version:            6.1.0-13-amd64
12-Oct-2023 06:24:50.362 INFO [main] org.apache.catalina.startup.VersionLoggerListener.log Architecture:          amd64
12-Oct-2023 06:24:50.362 INFO [main] org.apache.catalina.startup.VersionLoggerListener.log Java Home:             /usr/lib/jvm/java-7-openjdk-amd64/jre
12-Oct-2023 06:24:50.362 INFO [main] org.apache.catalina.startup.VersionLoggerListener.log JVM Version:           1.7.0_181-b01
12-Oct-2023 06:24:50.362 INFO [main] org.apache.catalina.startup.VersionLoggerListener.log JVM Vendor:            Oracle Corporation
12-Oct-2023 06:24:50.362 INFO [main] org.apache.catalina.startup.VersionLoggerListener.log CATALINA_BASE:         /usr/local/tomcat
12-Oct-2023 06:24:50.362 INFO [main] org.apache.catalina.startup.VersionLoggerListener.log CATALINA_HOME:         /usr/local/tomcat
12-Oct-2023 06:24:50.363 INFO [main] org.apache.catalina.startup.VersionLoggerListener.log Command line argument: -Djava.util.logging.config.file=/usr/local/tomcat/conf/logging.properties
12-Oct-2023 06:24:50.363 INFO [main] org.apache.catalina.startup.VersionLoggerListener.log Command line argument: -Djava.util.logging.manager=org.apache.juli.ClassLoaderLogManager
12-Oct-2023 06:24:50.363 INFO [main] org.apache.catalina.startup.VersionLoggerListener.log Command line argument: -Djdk.tls.ephemeralDHKeySize=2048
12-Oct-2023 06:24:50.363 INFO [main] org.apache.catalina.startup.VersionLoggerListener.log Command line argument: -Djava.protocol.handler.pkgs=org.apache.catalina.webresources
12-Oct-2023 06:24:50.363 INFO [main] org.apache.catalina.startup.VersionLoggerListener.log Command line argument: -Dignore.endorsed.dirs=
12-Oct-2023 06:24:50.363 INFO [main] org.apache.catalina.startup.VersionLoggerListener.log Command line argument: -Dcatalina.base=/usr/local/tomcat
12-Oct-2023 06:24:50.363 INFO [main] org.apache.catalina.startup.VersionLoggerListener.log Command line argument: -Dcatalina.home=/usr/local/tomcat
12-Oct-2023 06:24:50.363 INFO [main] org.apache.catalina.startup.VersionLoggerListener.log Command line argument: -Djava.io.tmpdir=/usr/local/tomcat/temp
12-Oct-2023 06:24:50.363 INFO [main] org.apache.catalina.core.AprLifecycleListener.lifecycleEvent Loaded APR based Apache Tomcat Native library 1.2.17 using APR version 1.5.1.
12-Oct-2023 06:24:50.363 INFO [main] org.apache.catalina.core.AprLifecycleListener.lifecycleEvent APR capabilities: IPv6 [true], sendfile [true], accept filters [false], random [true].
12-Oct-2023 06:24:50.365 INFO [main] org.apache.catalina.core.AprLifecycleListener.initializeSSL OpenSSL successfully initialized (OpenSSL 1.1.0f  25 May 2017)
12-Oct-2023 06:24:50.432 INFO [main] org.apache.coyote.AbstractProtocol.init Initializing ProtocolHandler ["http-apr-8080"]
12-Oct-2023 06:24:50.439 INFO [main] org.apache.coyote.AbstractProtocol.init Initializing ProtocolHandler ["ajp-apr-8009"]
12-Oct-2023 06:24:50.440 INFO [main] org.apache.catalina.startup.Catalina.load Initialization processed in 374 ms
12-Oct-2023 06:24:50.456 INFO [main] org.apache.catalina.core.StandardService.startInternal Starting service Catalina
12-Oct-2023 06:24:50.457 INFO [main] org.apache.catalina.core.StandardEngine.startInternal Starting Servlet Engine: Apache Tomcat/8.0.53
12-Oct-2023 06:24:50.476 INFO [localhost-startStop-1] org.apache.catalina.startup.HostConfig.deployDirectory Deploying web application directory /usr/local/tomcat/webapps/docs
12-Oct-2023 06:24:50.755 INFO [localhost-startStop-1] org.apache.catalina.startup.HostConfig.deployDirectory Deployment of web application directory /usr/local/tomcat/webapps/docs has finished in 279 ms
12-Oct-2023 06:24:50.756 INFO [localhost-startStop-1] org.apache.catalina.startup.HostConfig.deployDirectory Deploying web application directory /usr/local/tomcat/webapps/manager
12-Oct-2023 06:24:50.780 INFO [localhost-startStop-1] org.apache.catalina.startup.HostConfig.deployDirectory Deployment of web application directory /usr/local/tomcat/webapps/manager has finished in 25 ms
12-Oct-2023 06:24:50.781 INFO [localhost-startStop-1] org.apache.catalina.startup.HostConfig.deployDirectory Deploying web application directory /usr/local/tomcat/webapps/ROOT
12-Oct-2023 06:24:50.794 INFO [localhost-startStop-1] org.apache.catalina.startup.HostConfig.deployDirectory Deployment of web application directory /usr/local/tomcat/webapps/ROOT has finished in 13 ms
12-Oct-2023 06:24:50.794 INFO [localhost-startStop-1] org.apache.catalina.startup.HostConfig.deployDirectory Deploying web application directory /usr/local/tomcat/webapps/examples
12-Oct-2023 06:24:50.995 INFO [localhost-startStop-1] org.apache.catalina.startup.HostConfig.deployDirectory Deployment of web application directory /usr/local/tomcat/webapps/examples has finished in 201 ms
12-Oct-2023 06:24:50.995 INFO [localhost-startStop-1] org.apache.catalina.startup.HostConfig.deployDirectory Deploying web application directory /usr/local/tomcat/webapps/host-manager
12-Oct-2023 06:24:51.011 INFO [localhost-startStop-1] org.apache.catalina.startup.HostConfig.deployDirectory Deployment of web application directory /usr/local/tomcat/webapps/host-manager has finished in 16 ms
12-Oct-2023 06:24:51.013 INFO [main] org.apache.coyote.AbstractProtocol.start Starting ProtocolHandler ["http-apr-8080"]
12-Oct-2023 06:24:51.021 INFO [main] org.apache.coyote.AbstractProtocol.start Starting ProtocolHandler ["ajp-apr-8009"]
12-Oct-2023 06:24:51.031 INFO [main] org.apache.catalina.startup.Catalina.start Server startup in 590 ms
12-Oct-2023 06:28:39.945 INFO [Thread-3] org.apache.coyote.AbstractProtocol.pause Pausing ProtocolHandler ["http-apr-8080"]
12-Oct-2023 06:28:39.998 INFO [Thread-3] org.apache.coyote.AbstractProtocol.pause Pausing ProtocolHandler ["ajp-apr-8009"]
12-Oct-2023 06:28:40.049 INFO [Thread-3] org.apache.catalina.core.StandardService.stopInternal Stopping service Catalina
12-Oct-2023 06:28:40.097 INFO [Thread-3] org.apache.coyote.AbstractProtocol.stop Stopping ProtocolHandler ["http-apr-8080"]
12-Oct-2023 06:28:40.149 INFO [Thread-3] org.apache.coyote.AbstractProtocol.stop Stopping ProtocolHandler ["ajp-apr-8009"]
12-Oct-2023 06:28:40.201 INFO [Thread-3] org.apache.coyote.AbstractProtocol.destroy Destroying ProtocolHandler ["http-apr-8080"]
12-Oct-2023 06:28:40.202 INFO [Thread-3] org.apache.coyote.AbstractProtocol.destroy Destroying ProtocolHandler ["ajp-apr-8009"]
12-Oct-2023 06:38:40.216 INFO [main] org.apache.catalina.startup.VersionLoggerListener.log Server version:        Apache Tomcat/8.0.53
12-Oct-2023 06:38:40.218 INFO [main] org.apache.catalina.startup.VersionLoggerListener.log Server built:          Jun 29 2018 14:42:45 UTC
12-Oct-2023 06:38:40.218 INFO [main] org.apache.catalina.startup.VersionLoggerListener.log Server number:         8.0.53.0
12-Oct-2023 06:38:40.218 INFO [main] org.apache.catalina.startup.VersionLoggerListener.log OS Name:               Linux
12-Oct-2023 06:38:40.218 INFO [main] org.apache.catalina.startup.VersionLoggerListener.log OS Version:            6.1.0-13-amd64
12-Oct-2023 06:38:40.218 INFO [main] org.apache.catalina.startup.VersionLoggerListener.log Architecture:          amd64
12-Oct-2023 06:38:40.218 INFO [main] org.apache.catalina.startup.VersionLoggerListener.log Java Home:             /usr/lib/jvm/java-7-openjdk-amd64/jre
12-Oct-2023 06:38:40.218 INFO [main] org.apache.catalina.startup.VersionLoggerListener.log JVM Version:           1.7.0_181-b01
12-Oct-2023 06:38:40.218 INFO [main] org.apache.catalina.startup.VersionLoggerListener.log JVM Vendor:            Oracle Corporation
12-Oct-2023 06:38:40.218 INFO [main] org.apache.catalina.startup.VersionLoggerListener.log CATALINA_BASE:         /usr/local/tomcat
12-Oct-2023 06:38:40.218 INFO [main] org.apache.catalina.startup.VersionLoggerListener.log CATALINA_HOME:         /usr/local/tomcat
12-Oct-2023 06:38:40.218 INFO [main] org.apache.catalina.startup.VersionLoggerListener.log Command line argument: -Djava.util.logging.config.file=/usr/local/tomcat/conf/logging.properties
12-Oct-2023 06:38:40.219 INFO [main] org.apache.catalina.startup.VersionLoggerListener.log Command line argument: -Djava.util.logging.manager=org.apache.juli.ClassLoaderLogManager
12-Oct-2023 06:38:40.219 INFO [main] org.apache.catalina.startup.VersionLoggerListener.log Command line argument: -Djdk.tls.ephemeralDHKeySize=2048
12-Oct-2023 06:38:40.219 INFO [main] org.apache.catalina.startup.VersionLoggerListener.log Command line argument: -Djava.protocol.handler.pkgs=org.apache.catalina.webresources
12-Oct-2023 06:38:40.219 INFO [main] org.apache.catalina.startup.VersionLoggerListener.log Command line argument: -Dignore.endorsed.dirs=
12-Oct-2023 06:38:40.219 INFO [main] org.apache.catalina.startup.VersionLoggerListener.log Command line argument: -Dcatalina.base=/usr/local/tomcat
12-Oct-2023 06:38:40.219 INFO [main] org.apache.catalina.startup.VersionLoggerListener.log Command line argument: -Dcatalina.home=/usr/local/tomcat
12-Oct-2023 06:38:40.219 INFO [main] org.apache.catalina.startup.VersionLoggerListener.log Command line argument: -Djava.io.tmpdir=/usr/local/tomcat/temp
12-Oct-2023 06:38:40.219 INFO [main] org.apache.catalina.core.AprLifecycleListener.lifecycleEvent Loaded APR based Apache Tomcat Native library 1.2.17 using APR version 1.5.1.
12-Oct-2023 06:38:40.219 INFO [main] org.apache.catalina.core.AprLifecycleListener.lifecycleEvent APR capabilities: IPv6 [true], sendfile [true], accept filters [false], random [true].
12-Oct-2023 06:38:40.221 INFO [main] org.apache.catalina.core.AprLifecycleListener.initializeSSL OpenSSL successfully initialized (OpenSSL 1.1.0f  25 May 2017)
12-Oct-2023 06:38:40.288 INFO [main] org.apache.coyote.AbstractProtocol.init Initializing ProtocolHandler ["http-apr-8080"]
12-Oct-2023 06:38:40.295 INFO [main] org.apache.coyote.AbstractProtocol.init Initializing ProtocolHandler ["ajp-apr-8009"]
12-Oct-2023 06:38:40.297 INFO [main] org.apache.catalina.startup.Catalina.load Initialization processed in 373 ms
12-Oct-2023 06:38:40.315 INFO [main] org.apache.catalina.core.StandardService.startInternal Starting service Catalina
12-Oct-2023 06:38:40.315 INFO [main] org.apache.catalina.core.StandardEngine.startInternal Starting Servlet Engine: Apache Tomcat/8.0.53
12-Oct-2023 06:38:40.326 INFO [localhost-startStop-1] org.apache.catalina.startup.HostConfig.deployDirectory Deploying web application directory /usr/local/tomcat/webapps/docs
12-Oct-2023 06:38:40.586 INFO [localhost-startStop-1] org.apache.catalina.startup.HostConfig.deployDirectory Deployment of web application directory /usr/local/tomcat/webapps/docs has finished in 260 ms
12-Oct-2023 06:38:40.586 INFO [localhost-startStop-1] org.apache.catalina.startup.HostConfig.deployDirectory Deploying web application directory /usr/local/tomcat/webapps/manager
12-Oct-2023 06:38:40.610 INFO [localhost-startStop-1] org.apache.catalina.startup.HostConfig.deployDirectory Deployment of web application directory /usr/local/tomcat/webapps/manager has finished in 24 ms
12-Oct-2023 06:38:40.610 INFO [localhost-startStop-1] org.apache.catalina.startup.HostConfig.deployDirectory Deploying web application directory /usr/local/tomcat/webapps/ROOT
12-Oct-2023 06:38:40.624 INFO [localhost-startStop-1] org.apache.catalina.startup.HostConfig.deployDirectory Deployment of web application directory /usr/local/tomcat/webapps/ROOT has finished in 13 ms
12-Oct-2023 06:38:40.624 INFO [localhost-startStop-1] org.apache.catalina.startup.HostConfig.deployDirectory Deploying web application directory /usr/local/tomcat/webapps/examples
12-Oct-2023 06:38:40.827 INFO [localhost-startStop-1] org.apache.catalina.startup.HostConfig.deployDirectory Deployment of web application directory /usr/local/tomcat/webapps/examples has finished in 203 ms
12-Oct-2023 06:38:40.827 INFO [localhost-startStop-1] org.apache.catalina.startup.HostConfig.deployDirectory Deploying web application directory /usr/local/tomcat/webapps/host-manager
12-Oct-2023 06:38:40.843 INFO [localhost-startStop-1] org.apache.catalina.startup.HostConfig.deployDirectory Deployment of web application directory /usr/local/tomcat/webapps/host-manager has finished in 16 ms
12-Oct-2023 06:38:40.847 INFO [main] org.apache.coyote.AbstractProtocol.start Starting ProtocolHandler ["http-apr-8080"]
12-Oct-2023 06:38:40.861 INFO [main] org.apache.coyote.AbstractProtocol.start Starting ProtocolHandler ["ajp-apr-8009"]
12-Oct-2023 06:38:40.870 INFO [main] org.apache.catalina.startup.Catalina.start Server startup in 573 ms
12-Oct-2023 07:37:42.993 INFO [Thread-3] org.apache.coyote.AbstractProtocol.pause Pausing ProtocolHandler ["http-apr-8080"]
12-Oct-2023 07:37:43.046 INFO [Thread-3] org.apache.coyote.AbstractProtocol.pause Pausing ProtocolHandler ["ajp-apr-8009"]
12-Oct-2023 07:37:43.097 INFO [Thread-3] org.apache.catalina.core.StandardService.stopInternal Stopping service Catalina
12-Oct-2023 07:37:43.126 INFO [Thread-3] org.apache.coyote.AbstractProtocol.stop Stopping ProtocolHandler ["http-apr-8080"]
12-Oct-2023 07:37:43.179 INFO [Thread-3] org.apache.coyote.AbstractProtocol.stop Stopping ProtocolHandler ["ajp-apr-8009"]
12-Oct-2023 07:37:43.231 INFO [Thread-3] org.apache.coyote.AbstractProtocol.destroy Destroying ProtocolHandler ["http-apr-8080"]
12-Oct-2023 07:37:43.232 INFO [Thread-3] org.apache.coyote.AbstractProtocol.destroy Destroying ProtocolHandler ["ajp-apr-8009"]
12-Oct-2023 07:47:32.066 INFO [main] org.apache.catalina.startup.VersionLoggerListener.log Server version:        Apache Tomcat/8.0.53
12-Oct-2023 07:47:32.068 INFO [main] org.apache.catalina.startup.VersionLoggerListener.log Server built:          Jun 29 2018 14:42:45 UTC
12-Oct-2023 07:47:32.068 INFO [main] org.apache.catalina.startup.VersionLoggerListener.log Server number:         8.0.53.0
12-Oct-2023 07:47:32.068 INFO [main] org.apache.catalina.startup.VersionLoggerListener.log OS Name:               Linux
12-Oct-2023 07:47:32.068 INFO [main] org.apache.catalina.startup.VersionLoggerListener.log OS Version:            6.1.0-13-amd64
12-Oct-2023 07:47:32.068 INFO [main] org.apache.catalina.startup.VersionLoggerListener.log Architecture:          amd64
12-Oct-2023 07:47:32.068 INFO [main] org.apache.catalina.startup.VersionLoggerListener.log Java Home:             /usr/lib/jvm/java-7-openjdk-amd64/jre
12-Oct-2023 07:47:32.068 INFO [main] org.apache.catalina.startup.VersionLoggerListener.log JVM Version:           1.7.0_181-b01
12-Oct-2023 07:47:32.068 INFO [main] org.apache.catalina.startup.VersionLoggerListener.log JVM Vendor:            Oracle Corporation
12-Oct-2023 07:47:32.068 INFO [main] org.apache.catalina.startup.VersionLoggerListener.log CATALINA_BASE:         /usr/local/tomcat
12-Oct-2023 07:47:32.068 INFO [main] org.apache.catalina.startup.VersionLoggerListener.log CATALINA_HOME:         /usr/local/tomcat
12-Oct-2023 07:47:32.069 INFO [main] org.apache.catalina.startup.VersionLoggerListener.log Command line argument: -Djava.util.logging.config.file=/usr/local/tomcat/conf/logging.properties
12-Oct-2023 07:47:32.069 INFO [main] org.apache.catalina.startup.VersionLoggerListener.log Command line argument: -Djava.util.logging.manager=org.apache.juli.ClassLoaderLogManager
12-Oct-2023 07:47:32.069 INFO [main] org.apache.catalina.startup.VersionLoggerListener.log Command line argument: -Djdk.tls.ephemeralDHKeySize=2048
12-Oct-2023 07:47:32.069 INFO [main] org.apache.catalina.startup.VersionLoggerListener.log Command line argument: -Djava.protocol.handler.pkgs=org.apache.catalina.webresources
12-Oct-2023 07:47:32.069 INFO [main] org.apache.catalina.startup.VersionLoggerListener.log Command line argument: -Dignore.endorsed.dirs=
12-Oct-2023 07:47:32.069 INFO [main] org.apache.catalina.startup.VersionLoggerListener.log Command line argument: -Dcatalina.base=/usr/local/tomcat
12-Oct-2023 07:47:32.069 INFO [main] org.apache.catalina.startup.VersionLoggerListener.log Command line argument: -Dcatalina.home=/usr/local/tomcat
12-Oct-2023 07:47:32.069 INFO [main] org.apache.catalina.startup.VersionLoggerListener.log Command line argument: -Djava.io.tmpdir=/usr/local/tomcat/temp
12-Oct-2023 07:47:32.069 INFO [main] org.apache.catalina.core.AprLifecycleListener.lifecycleEvent Loaded APR based Apache Tomcat Native library 1.2.17 using APR version 1.5.1.
12-Oct-2023 07:47:32.069 INFO [main] org.apache.catalina.core.AprLifecycleListener.lifecycleEvent APR capabilities: IPv6 [true], sendfile [true], accept filters [false], random [true].
12-Oct-2023 07:47:32.071 INFO [main] org.apache.catalina.core.AprLifecycleListener.initializeSSL OpenSSL successfully initialized (OpenSSL 1.1.0f  25 May 2017)
12-Oct-2023 07:47:32.140 INFO [main] org.apache.coyote.AbstractProtocol.init Initializing ProtocolHandler ["http-apr-8080"]
12-Oct-2023 07:47:32.147 INFO [main] org.apache.coyote.AbstractProtocol.init Initializing ProtocolHandler ["ajp-apr-8009"]
12-Oct-2023 07:47:32.149 INFO [main] org.apache.catalina.startup.Catalina.load Initialization processed in 394 ms
12-Oct-2023 07:47:32.166 INFO [main] org.apache.catalina.core.StandardService.startInternal Starting service Catalina
12-Oct-2023 07:47:32.166 INFO [main] org.apache.catalina.core.StandardEngine.startInternal Starting Servlet Engine: Apache Tomcat/8.0.53
12-Oct-2023 07:47:32.175 INFO [localhost-startStop-1] org.apache.catalina.startup.HostConfig.deployDirectory Deploying web application directory /usr/local/tomcat/webapps/docs
12-Oct-2023 07:47:32.437 INFO [localhost-startStop-1] org.apache.catalina.startup.HostConfig.deployDirectory Deployment of web application directory /usr/local/tomcat/webapps/docs has finished in 262 ms
12-Oct-2023 07:47:32.437 INFO [localhost-startStop-1] org.apache.catalina.startup.HostConfig.deployDirectory Deploying web application directory /usr/local/tomcat/webapps/manager
12-Oct-2023 07:47:32.461 INFO [localhost-startStop-1] org.apache.catalina.startup.HostConfig.deployDirectory Deployment of web application directory /usr/local/tomcat/webapps/manager has finished in 24 ms
12-Oct-2023 07:47:32.461 INFO [localhost-startStop-1] org.apache.catalina.startup.HostConfig.deployDirectory Deploying web application directory /usr/local/tomcat/webapps/ROOT
12-Oct-2023 07:47:32.474 INFO [localhost-startStop-1] org.apache.catalina.startup.HostConfig.deployDirectory Deployment of web application directory /usr/local/tomcat/webapps/ROOT has finished in 13 ms
12-Oct-2023 07:47:32.474 INFO [localhost-startStop-1] org.apache.catalina.startup.HostConfig.deployDirectory Deploying web application directory /usr/local/tomcat/webapps/examples
12-Oct-2023 07:47:32.675 INFO [localhost-startStop-1] org.apache.catalina.startup.HostConfig.deployDirectory Deployment of web application directory /usr/local/tomcat/webapps/examples has finished in 201 ms
12-Oct-2023 07:47:32.675 INFO [localhost-startStop-1] org.apache.catalina.startup.HostConfig.deployDirectory Deploying web application directory /usr/local/tomcat/webapps/host-manager
12-Oct-2023 07:47:32.691 INFO [localhost-startStop-1] org.apache.catalina.startup.HostConfig.deployDirectory Deployment of web application directory /usr/local/tomcat/webapps/host-manager has finished in 16 ms
12-Oct-2023 07:47:32.697 INFO [main] org.apache.coyote.AbstractProtocol.start Starting ProtocolHandler ["http-apr-8080"]
12-Oct-2023 07:47:32.709 INFO [main] org.apache.coyote.AbstractProtocol.start Starting ProtocolHandler ["ajp-apr-8009"]
12-Oct-2023 07:47:32.720 INFO [main] org.apache.catalina.startup.Catalina.start Server startup in 570 ms
12-Oct-2023 13:28:50.723 INFO [Thread-3] org.apache.coyote.AbstractProtocol.pause Pausing ProtocolHandler ["http-apr-8080"]
12-Oct-2023 13:28:50.776 INFO [Thread-3] org.apache.coyote.AbstractProtocol.pause Pausing ProtocolHandler ["ajp-apr-8009"]
12-Oct-2023 13:28:50.827 INFO [Thread-3] org.apache.catalina.core.StandardService.stopInternal Stopping service Catalina
12-Oct-2023 13:28:50.863 INFO [Thread-3] org.apache.coyote.AbstractProtocol.stop Stopping ProtocolHandler ["http-apr-8080"]
12-Oct-2023 13:28:50.916 INFO [Thread-3] org.apache.coyote.AbstractProtocol.stop Stopping ProtocolHandler ["ajp-apr-8009"]
12-Oct-2023 13:28:50.969 INFO [Thread-3] org.apache.coyote.AbstractProtocol.destroy Destroying ProtocolHandler ["http-apr-8080"]
12-Oct-2023 13:28:50.970 INFO [Thread-3] org.apache.coyote.AbstractProtocol.destroy Destroying ProtocolHandler ["ajp-apr-8009"]
12-Oct-2023 13:29:39.356 INFO [main] org.apache.catalina.startup.VersionLoggerListener.log Server version:        Apache Tomcat/8.0.53
12-Oct-2023 13:29:39.357 INFO [main] org.apache.catalina.startup.VersionLoggerListener.log Server built:          Jun 29 2018 14:42:45 UTC
12-Oct-2023 13:29:39.357 INFO [main] org.apache.catalina.startup.VersionLoggerListener.log Server number:         8.0.53.0
12-Oct-2023 13:29:39.357 INFO [main] org.apache.catalina.startup.VersionLoggerListener.log OS Name:               Linux
12-Oct-2023 13:29:39.357 INFO [main] org.apache.catalina.startup.VersionLoggerListener.log OS Version:            6.1.0-13-amd64
12-Oct-2023 13:29:39.357 INFO [main] org.apache.catalina.startup.VersionLoggerListener.log Architecture:          amd64
12-Oct-2023 13:29:39.357 INFO [main] org.apache.catalina.startup.VersionLoggerListener.log Java Home:             /usr/lib/jvm/java-7-openjdk-amd64/jre
12-Oct-2023 13:29:39.357 INFO [main] org.apache.catalina.startup.VersionLoggerListener.log JVM Version:           1.7.0_181-b01
12-Oct-2023 13:29:39.357 INFO [main] org.apache.catalina.startup.VersionLoggerListener.log JVM Vendor:            Oracle Corporation
12-Oct-2023 13:29:39.358 INFO [main] org.apache.catalina.startup.VersionLoggerListener.log CATALINA_BASE:         /usr/local/tomcat
12-Oct-2023 13:29:39.358 INFO [main] org.apache.catalina.startup.VersionLoggerListener.log CATALINA_HOME:         /usr/local/tomcat
12-Oct-2023 13:29:39.358 INFO [main] org.apache.catalina.startup.VersionLoggerListener.log Command line argument: -Djava.util.logging.config.file=/usr/local/tomcat/conf/logging.properties
12-Oct-2023 13:29:39.359 INFO [main] org.apache.catalina.startup.VersionLoggerListener.log Command line argument: -Djava.util.logging.manager=org.apache.juli.ClassLoaderLogManager
12-Oct-2023 13:29:39.359 INFO [main] org.apache.catalina.startup.VersionLoggerListener.log Command line argument: -Djdk.tls.ephemeralDHKeySize=2048
12-Oct-2023 13:29:39.359 INFO [main] org.apache.catalina.startup.VersionLoggerListener.log Command line argument: -Djava.protocol.handler.pkgs=org.apache.catalina.webresources
12-Oct-2023 13:29:39.359 INFO [main] org.apache.catalina.startup.VersionLoggerListener.log Command line argument: -Dignore.endorsed.dirs=
12-Oct-2023 13:29:39.359 INFO [main] org.apache.catalina.startup.VersionLoggerListener.log Command line argument: -Dcatalina.base=/usr/local/tomcat
12-Oct-2023 13:29:39.359 INFO [main] org.apache.catalina.startup.VersionLoggerListener.log Command line argument: -Dcatalina.home=/usr/local/tomcat
12-Oct-2023 13:29:39.359 INFO [main] org.apache.catalina.startup.VersionLoggerListener.log Command line argument: -Djava.io.tmpdir=/usr/local/tomcat/temp
12-Oct-2023 13:29:39.359 INFO [main] org.apache.catalina.core.AprLifecycleListener.lifecycleEvent Loaded APR based Apache Tomcat Native library 1.2.17 using APR version 1.5.1.
12-Oct-2023 13:29:39.359 INFO [main] org.apache.catalina.core.AprLifecycleListener.lifecycleEvent APR capabilities: IPv6 [true], sendfile [true], accept filters [false], random [true].
12-Oct-2023 13:29:39.362 INFO [main] org.apache.catalina.core.AprLifecycleListener.initializeSSL OpenSSL successfully initialized (OpenSSL 1.1.0f  25 May 2017)
12-Oct-2023 13:29:39.428 INFO [main] org.apache.coyote.AbstractProtocol.init Initializing ProtocolHandler ["http-apr-8080"]
12-Oct-2023 13:29:39.435 INFO [main] org.apache.coyote.AbstractProtocol.init Initializing ProtocolHandler ["ajp-apr-8009"]
12-Oct-2023 13:29:39.437 INFO [main] org.apache.catalina.startup.Catalina.load Initialization processed in 376 ms
12-Oct-2023 13:29:39.458 INFO [main] org.apache.catalina.core.StandardService.startInternal Starting service Catalina
12-Oct-2023 13:29:39.458 INFO [main] org.apache.catalina.core.StandardEngine.startInternal Starting Servlet Engine: Apache Tomcat/8.0.53
12-Oct-2023 13:29:39.480 INFO [localhost-startStop-1] org.apache.catalina.startup.HostConfig.deployDirectory Deploying web application directory /usr/local/tomcat/webapps/docs
12-Oct-2023 13:29:39.747 INFO [localhost-startStop-1] org.apache.catalina.startup.HostConfig.deployDirectory Deployment of web application directory /usr/local/tomcat/webapps/docs has finished in 268 ms
12-Oct-2023 13:29:39.748 INFO [localhost-startStop-1] org.apache.catalina.startup.HostConfig.deployDirectory Deploying web application directory /usr/local/tomcat/webapps/manager
12-Oct-2023 13:29:39.771 INFO [localhost-startStop-1] org.apache.catalina.startup.HostConfig.deployDirectory Deployment of web application directory /usr/local/tomcat/webapps/manager has finished in 23 ms
12-Oct-2023 13:29:39.771 INFO [localhost-startStop-1] org.apache.catalina.startup.HostConfig.deployDirectory Deploying web application directory /usr/local/tomcat/webapps/ROOT
12-Oct-2023 13:29:39.785 INFO [localhost-startStop-1] org.apache.catalina.startup.HostConfig.deployDirectory Deployment of web application directory /usr/local/tomcat/webapps/ROOT has finished in 13 ms
12-Oct-2023 13:29:39.785 INFO [localhost-startStop-1] org.apache.catalina.startup.HostConfig.deployDirectory Deploying web application directory /usr/local/tomcat/webapps/examples
12-Oct-2023 13:29:39.986 INFO [localhost-startStop-1] org.apache.catalina.startup.HostConfig.deployDirectory Deployment of web application directory /usr/local/tomcat/webapps/examples has finished in 201 ms
12-Oct-2023 13:29:39.986 INFO [localhost-startStop-1] org.apache.catalina.startup.HostConfig.deployDirectory Deploying web application directory /usr/local/tomcat/webapps/host-manager
12-Oct-2023 13:29:40.002 INFO [localhost-startStop-1] org.apache.catalina.startup.HostConfig.deployDirectory Deployment of web application directory /usr/local/tomcat/webapps/host-manager has finished in 15 ms
12-Oct-2023 13:29:40.003 INFO [main] org.apache.coyote.AbstractProtocol.start Starting ProtocolHandler ["http-apr-8080"]
12-Oct-2023 13:29:40.016 INFO [main] org.apache.coyote.AbstractProtocol.start Starting ProtocolHandler ["ajp-apr-8009"]
12-Oct-2023 13:29:40.030 INFO [main] org.apache.catalina.startup.Catalina.start Server startup in 593 ms
12-Oct-2023 14:28:00.709 INFO [localhost-startStop-2] org.apache.catalina.startup.HostConfig.deployDirectory Deploying web application directory /usr/local/tomcat/webapps/vdoc
12-Oct-2023 14:28:00.827 INFO [localhost-startStop-2] org.apache.jasper.servlet.TldScanner.scanJars At least one JAR was scanned for TLDs yet contained no TLDs. Enable debug logging for this logger for a complete list of JARs that were scanned but no TLDs were found in them. Skipping unneeded JARs during scanning can improve startup time and JSP compilation time.
12-Oct-2023 14:28:00.830 INFO [localhost-startStop-2] org.apache.catalina.startup.HostConfig.deployDirectory Deployment of web application directory /usr/local/tomcat/webapps/vdoc has finished in 121 ms
